#
# A fatal error has been detected by the Java Runtime Environment:
#
#  EXCEPTION_ACCESS_VIOLATION (0xc0000005) at pc=0x000000006500befa, pid=40268, tid=0x000000000000cef4
#
# JRE version: Java(TM) SE Runtime Environment (8.0_181-b13) (build 1.8.0_181-b13)
# Java VM: Java HotSpot(TM) 64-Bit Server VM (25.181-b13 mixed mode windows-amd64 compressed oops)
# Problematic frame:
# V  [jvm.dll+0x13befa]
#
# Failed to write core dump. Minidumps are not enabled by default on client versions of Windows
#
# If you would like to submit a bug report, please visit:
#   http://bugreport.java.com/bugreport/crash.jsp
#

---------------  T H R E A D  ---------------

Current thread (0x0000000002b87000):  JavaThread "main" [_thread_in_vm, id=52980, stack(0x0000000002820000,0x0000000002920000)]

siginfo: ExceptionCode=0xc0000005, reading address 0x0000000000000000

Registers:
RAX=0x0000000000000000, RBX=0x0000000002a1ddd0, RCX=0x0000000000000000, RDX=0x0000000000000000
RSP=0x000000000291e130, RBP=0x0000000002a1c160, RSI=0x0000000002a1c150, RDI=0x0000000002bcc770
R8 =0x0000000000000000, R9 =0x0000000000000000, R10=0x0000000000000000, R11=0x0000000000000000
R12=0x0000000002a1c538, R13=0x0000000002b87000, R14=0x00000000000003d8, R15=0x0000000000000000
RIP=0x000000006500befa, EFLAGS=0x0000000000010206

Top of Stack: (sp=0x000000000291e130)
0x000000000291e130:   0000000000000000 000000001d51d860
0x000000000291e140:   0000000002b850f0 00000000650ee362
0x000000000291e150:   0000000002bcc770 0000000064f8fc2f
0x000000000291e160:   0000000002a1ddd0 000000001df33fb0
0x000000000291e170:   000000001c206a30 0000000065090a43
0x000000000291e180:   0000000002b871f8 0000000065014dbb
0x000000000291e190:   0000000002a1d520 0000000000000012
0x000000000291e1a0:   0000000000000000 0000000065090db4
0x000000000291e1b0:   0000000000000004 0000000066522482
0x000000000291e1c0:   000000001c206a30 000000001df33fb0
0x000000000291e1d0:   0000000002b87000 0000000065079a0c
0x000000000291e1e0:   0000000000000004 0000000002a1d520
0x000000000291e1f0:   000000001c206a30 00000000650ee362
0x000000000291e200:   0000000002b871f8 00000000665313bc
0x000000000291e210:   000000001d86b950 000000001df33fb0
0x000000000291e220:   0000000002b846e0 00000000650e7e85 

Instructions: (pc=0x000000006500befa)
0x000000006500beda:   ff ca 88 41 ff 75 ef 43 c6 04 10 00 49 8b c2 c3
0x000000006500beea:   cc cc cc cc cc cc 48 89 5c 24 08 57 48 83 ec 20
0x000000006500befa:   0f b7 39 48 8b d9 33 d2 ff c7 48 63 cf e8 04 1c
0x000000006500bf0a:   fb ff 4c 8b d8 85 ff 7e 45 44 0f b7 03 8d 57 ff 


Register to memory mapping:

RAX=0x0000000000000000 is an unknown value
RBX=0x0000000002a1ddd0 is an unknown value
RCX=0x0000000000000000 is an unknown value
RDX=0x0000000000000000 is an unknown value
RSP=0x000000000291e130 is pointing into the stack for thread: 0x0000000002b87000
RBP=0x0000000002a1c160 is an unknown value
RSI=0x0000000002a1c150 is an unknown value
RDI=0x0000000002bcc770 is an unknown value
R8 =0x0000000000000000 is an unknown value
R9 =0x0000000000000000 is an unknown value
R10=0x0000000000000000 is an unknown value
R11=0x0000000000000000 is an unknown value
R12=0x0000000002a1c538 is an unknown value
R13=0x0000000002b87000 is a thread
R14=0x00000000000003d8 is an unknown value
R15=0x0000000000000000 is an unknown value


Stack: [0x0000000002820000,0x0000000002920000],  sp=0x000000000291e130,  free space=1016k
Native frames: (J=compiled Java code, j=interpreted, Vv=VM code, C=native code)
V  [jvm.dll+0x13befa]
V  [jvm.dll+0xbfc2f]
V  [jvm.dll+0xc1542]
